<?xml version="1.0" encoding="UTF-8"?>
<testsuite xmlns:xsi="http://www.w3.org/2001/XMLSchema-instance" xsi:noNamespaceSchemaLocation="https://maven.apache.org/surefire/maven-surefire-plugin/xsd/surefire-test-report.xsd" name="org.eclipse.leshan.core.attributes.AttributeSetTest" time="0.037" tests="8" errors="0" skipped="0" failures="0">
  <properties>
[...]
</properties>
  <testcase name="should_throw_on_invalid_assignation_level" classname="org.eclipse.leshan.core.attributes.AttributeSetTest" time="0.029"/>
  <testcase name="should_merge" classname="org.eclipse.leshan.core.attributes.AttributeSetTest" time="0.001"/>
  <testcase name="should_throw_on_invalid_pmin_pmax" classname="org.eclipse.leshan.core.attributes.AttributeSetTest" time="0.005"/>
  <testcase name="should_validate_assignation" classname="org.eclipse.leshan.core.attributes.AttributeSetTest" time="0"/>
  <testcase name="should_get_map" classname="org.eclipse.leshan.core.attributes.AttributeSetTest" time="0"/>
  <testcase name="should_throw_on_duplicates" classname="org.eclipse.leshan.core.attributes.AttributeSetTest" time="0"/>
  <testcase name="should_provide_query_params" classname="org.eclipse.leshan.core.attributes.AttributeSetTest" time="0.001"/>
  <testcase name="should_to_string" classname="org.eclipse.leshan.core.attributes.AttributeSetTest" time="0"/>
</testsuite>