<?xml version="1.0" encoding="UTF-8"?>
<testsuite xmlns:xsi="http://www.w3.org/2001/XMLSchema-instance" xsi:noNamespaceSchemaLocation="https://maven.apache.org/surefire/maven-surefire-plugin/xsd/surefire-test-report.xsd" name="org.eclipse.leshan.core.attributes.AttributeTest" time="0.092" tests="2" errors="0" skipped="0" failures="0">
  <properties>
[...]
</properties>
  <testcase name="should_throw_on_invalid_value_type" classname="org.eclipse.leshan.core.attributes.AttributeTest" time="0.059"/>
  <testcase name="should_pick_correct_model" classname="org.eclipse.leshan.core.attributes.AttributeTest" time="0"/>
</testsuite>