<?xml version="1.0" encoding="UTF-8"?>
<testsuite xmlns:xsi="http://www.w3.org/2001/XMLSchema-instance" xsi:noNamespaceSchemaLocation="https://maven.apache.org/surefire/maven-surefire-plugin/xsd/surefire-test-report.xsd" name="org.eclipse.leshan.integration.tests.FailingTest" time="8.924" tests="4" errors="0" skipped="0" failures="0">
  <properties>
[...]
</properties>
  <testcase name="async_send_with_acknowleged_request_without_response" classname="org.eclipse.leshan.integration.tests.FailingTest" time="3.786"/>
  <testcase name="sync_send_without_acknowleged" classname="org.eclipse.leshan.integration.tests.FailingTest" time="1.048"/>
  <testcase name="async_send_without_acknowleged" classname="org.eclipse.leshan.integration.tests.FailingTest" time="1.052"/>
  <testcase name="sync_send_with_acknowleged_request_without_response" classname="org.eclipse.leshan.integration.tests.FailingTest" time="3.035"/>
</testsuite>