<?xml version="1.0" encoding="UTF-8"?>
<testsuite xmlns:xsi="http://www.w3.org/2001/XMLSchema-instance" xsi:noNamespaceSchemaLocation="https://maven.apache.org/surefire/maven-surefire-plugin/xsd/surefire-test-report.xsd" name="org.eclipse.leshan.client.util.LinkFormatHelperTest" time="1.306" tests="9" errors="0" skipped="0" failures="0">
  <properties>
[...]
</properties>
  <testcase name="encode_objectModel_to_linkObject_with_simple_root_path" classname="org.eclipse.leshan.client.util.LinkFormatHelperTest" time="0.823"/>
  <testcase name="encode_client_description_with_version_1_0" classname="org.eclipse.leshan.client.util.LinkFormatHelperTest" time="0.101"/>
  <testcase name="encode_client_description_with_version_2_0" classname="org.eclipse.leshan.client.util.LinkFormatHelperTest" time="0.062"/>
  <testcase name="encode_objectModel_to_linkObject_with_version2_0" classname="org.eclipse.leshan.client.util.LinkFormatHelperTest" time="0.053"/>
  <testcase name="encode_objectModel_to_linkObject_with_explicit_empty_root_path" classname="org.eclipse.leshan.client.util.LinkFormatHelperTest" time="0.06"/>
  <testcase name="encode_objectModel_to_linkObject_with_explicit_complex_root_path" classname="org.eclipse.leshan.client.util.LinkFormatHelperTest" time="0.049"/>
  <testcase name="encode_objectModel_to_linkObject_without_root_path" classname="org.eclipse.leshan.client.util.LinkFormatHelperTest" time="0.049"/>
  <testcase name="encode_objectModel_to_linkObject_with_empty_root_path" classname="org.eclipse.leshan.client.util.LinkFormatHelperTest" time="0.053"/>
  <testcase name="encode_client_description_with_version_2_0_no_instances" classname="org.eclipse.leshan.client.util.LinkFormatHelperTest" time="0.047"/>
</testsuite>